<?xml version="1.0" encoding="UTF-8"?>
<!-- Generated by org.testng.reporters.JUnitXMLReporter -->
<testsuite ignored="0" hostname="LTIN509456" failures="0" tests="12" name="Default test" time="0.176" errors="0" timestamp="2024-04-02T22:49:34 IST">
  <testcase classname="userDefinedLibraries.DriverSetup" name="@BeforeClass driverInstantiate" time="-1.712078374008E9">
    <failure type="org.testng.TestNGException" message="
Parameter &amp;apos;browser&amp;apos; is required by BeforeClass on method driverInstantiate but has not been marked @Optional or defined
in C:\Users\2327258\AppData\Local\Temp\testng-eclipse--1255794785\testng-customsuite.xml">
      <![CDATA[org.testng.TestNGException: 
Parameter 'browser' is required by BeforeClass on method driverInstantiate but has not been marked @Optional or defined
in C:\Users\2327258\AppData\Local\Temp\testng-eclipse--1255794785\testng-customsuite.xml
at org.testng.internal.Parameters.createParams(Parameters.java:267)
at org.testng.internal.Parameters.createParametersForMethod(Parameters.java:355)
at org.testng.internal.Parameters.createParameters(Parameters.java:693)
at org.testng.internal.Parameters.createConfigurationParameters(Parameters.java:166)
at org.testng.internal.invokers.ConfigInvoker.invokeConfigurations(ConfigInvoker.java:306)
at org.testng.internal.invokers.TestMethodWorker.invokeBeforeClassMethods(TestMethodWorker.java:180)
at org.testng.internal.invokers.TestMethodWorker.run(TestMethodWorker.java:122)
at java.base/java.util.ArrayList.forEach(ArrayList.java:1511)
at org.testng.TestRunner.privateRun(TestRunner.java:819)
at org.testng.TestRunner.run(TestRunner.java:619)
at org.testng.SuiteRunner.runTest(SuiteRunner.java:443)
at org.testng.SuiteRunner.runSequentially(SuiteRunner.java:437)
at org.testng.SuiteRunner.privateRun(SuiteRunner.java:397)
at org.testng.SuiteRunner.run(SuiteRunner.java:336)
at org.testng.SuiteRunnerWorker.runSuite(SuiteRunnerWorker.java:52)
at org.testng.SuiteRunnerWorker.run(SuiteRunnerWorker.java:95)
at org.testng.TestNG.runSuitesSequentially(TestNG.java:1301)
at org.testng.TestNG.runSuitesLocally(TestNG.java:1228)
at org.testng.TestNG.runSuites(TestNG.java:1134)
at org.testng.TestNG.run(TestNG.java:1101)
at org.testng.remote.AbstractRemoteTestNG.run(AbstractRemoteTestNG.java:115)
at org.testng.remote.RemoteTestNG.initAndRun(RemoteTestNG.java:251)
at org.testng.remote.RemoteTestNG.main(RemoteTestNG.java:77)
]]>
    </failure>
  </testcase> <!-- @BeforeClass driverInstantiate -->
  <testcase classname="userDefinedLibraries.DriverSetup" name="@AfterClass driverTearDown" time="0.0">
    <skipped/>
  </testcase> <!-- @AfterClass driverTearDown -->
  <testcase classname="testSenario.TestCase" name="captureUserInfo" time="0.0">
    <skipped/>
  </testcase> <!-- captureUserInfo -->
  <testcase classname="testSenario.TestCase" name="clickoncompany" time="0.0">
    <skipped/>
  </testcase> <!-- clickoncompany -->
  <testcase classname="testSenario.TestCase" name="clickonacronym" time="0.0">
    <skipped/>
  </testcase> <!-- clickonacronym -->
  <testcase classname="testSenario.TestCase" name="title" time="0.0">
    <skipped/>
  </testcase> <!-- title -->
  <testcase classname="testSenario.TestCase" name="tooltip" time="0.0">
    <skipped/>
  </testcase> <!-- tooltip -->
  <testcase classname="testSenario.TestCase" name="data" time="0.001">
    <skipped/>
  </testcase> <!-- data -->
  <testcase classname="testSenario.TestCase" name="alldata" time="0.0">
    <skipped/>
  </testcase> <!-- alldata -->
  <testcase classname="testSenario.TestCase" name="clickonbecognizant" time="0.0">
    <skipped/>
  </testcase> <!-- clickonbecognizant -->
  <testcase classname="testSenario.TestCase" name="ValidateCogniHomePage" time="0.0">
    <skipped/>
  </testcase> <!-- ValidateCogniHomePage -->
  <testcase classname="testSenario.TestCase" name="scrollBottom" time="0.0">
    <skipped/>
  </testcase> <!-- scrollBottom -->
  <testcase classname="testSenario.TestCase" name="getStockPrice" time="0.0">
    <skipped/>
  </testcase> <!-- getStockPrice -->
  <testcase classname="testSenario.TestCase" name="ValidateStockPrice" time="0.0">
    <skipped/>
  </testcase> <!-- ValidateStockPrice -->
</testsuite> <!-- Default test -->
